<?xml version="1.0" encoding="UTF-8"?>
<testng-results ignored="0" total="1" passed="1" failed="0" skipped="0">
  <reporter-output>
  </reporter-output>
  <suite started-at="2024-10-14T00:24:07 IST" name="Default suite" finished-at="2024-10-14T00:25:21 IST" duration-ms="74334">
    <groups>
    </groups>
    <test started-at="2024-10-14T00:24:07 IST" name="Default test" finished-at="2024-10-14T00:25:21 IST" duration-ms="74334">
      <class name="project1.zomato">
        <test-method signature="forbes()[pri:0, instance:project1.zomato@35ef1869]" started-at="2024-10-14T00:24:07 IST" name="forbes" finished-at="2024-10-14T00:25:21 IST" duration-ms="74294" status="PASS">
          <reporter-output>
          </reporter-output>
        </test-method> <!-- forbes -->
      </class> <!-- project1.zomato -->
    </test> <!-- Default test -->
  </suite> <!-- Default suite -->
</testng-results>
